<!DOCTYPE html PUBLIC "-//W3C//DTD XHTML 1.1//EN" "http://www.w3.org/TR/xhtml11/DTD/xhtml11.dtd">
<html xmlns="http://www.w3.org/1999/xhtml">
<head>
<meta http-equiv="content-type" content="text/html; charset=UTF-8"/>
<title>TestNG Report</title>
<style type="text/css">table {margin-bottom:10px;border-collapse:collapse;empty-cells:show}th,td {border:1px solid #009;padding:.25em .5em}th {vertical-align:bottom}td {vertical-align:top}table a {font-weight:bold}.stripe td {background-color: #E6EBF9}.num {text-align:right}.passedodd td {background-color: #3F3}.passedeven td {background-color: #0A0}.skippedodd td {background-color: #DDD}.skippedeven td {background-color: #CCC}.failedodd td,.attn {background-color: #F33}.failedeven td,.stripe .attn {background-color: #D00}.stacktrace {white-space:pre;font-family:monospace}.totop {font-size:85%;text-align:center;border-bottom:2px solid #000}.invisible {display:none}</style>
</head>
<body>
<table>
<tr><th>Test</th><th># Passed</th><th># Skipped</th><th># Retried</th><th># Failed</th><th>Time (ms)</th><th>Included Groups</th><th>Excluded Groups</th></tr>
<tr><th colspan="8">Cucumber Suite</th></tr>
<tr><td><a href="#t0">Cucumeber Test</a></td><td class="num">0</td><td class="num">0</td><td class="num">0</td><td class="num attn">1</td><td class="num">367,429</td><td></td><td></td></tr>
</table>
<table id='summary'><thead><tr><th>Class</th><th>Method</th><th>Start</th><th>Time (ms)</th></tr></thead><tbody><tr><th colspan="4">Cucumber Suite</th></tr></tbody><tbody id="t0"><tr><th colspan="4">Cucumeber Test &#8212; failed</th></tr><tr class="failedeven"><td rowspan="1">com.finder.stepdefinitions.RunCukesTest</td><td><a href="#m0">feature</a></td><td rowspan="1">1601912064891</td><td rowspan="1">291257</td></tr></tbody>
</table>
<h2>Cucumeber Test</h2><h3 id="m0">com.finder.stepdefinitions.RunCukesTest#feature</h3><table class="result"><tr class="param"><th>Parameter #1</th></tr><tr class="param stripe"><td>Test the functionaliy of the finder app in 500apps portal</td></tr><tr><th>Exception</th></tr><tr><td><div class="stacktrace">cucumber.runtime.CucumberException: java.lang.AssertionError: Expected condition failed: waiting for visibility of element located by By.xpath: //h3[contains(text(),&apos;Email Verify&apos;)]/following::main (tried for 10 second(s) with 500 MILLISECONDS interval)
	at cucumber.api.testng.TestNGCucumberRunner.runCucumber(TestNGCucumberRunner.java:69)
	at cucumber.api.testng.AbstractTestNGCucumberTests.feature(AbstractTestNGCucumberTests.java:21)
	at java.util.ArrayList.forEach(ArrayList.java:1257)
Caused by: java.lang.AssertionError: Expected condition failed: waiting for visibility of element located by By.xpath: //h3[contains(text(),&apos;Email Verify&apos;)]/following::main (tried for 10 second(s) with 500 MILLISECONDS interval)
	at com.finder.stepdefinitions.FinderAppSteps.click_on_import_from_csv_for_bulk_emailverify(FinderAppSteps.java:265)
	at âœ½.Then click on import from csv for bulk emailverify(features/FinderApp.feature:46)
... Removed 28 stack frames</div></td></tr></table><p class="totop"><a href="#summary">back to summary</a></p>
</body>
</html>
