<?xml version="1.0" encoding="UTF-8"?>
<testng-results skipped="0" failed="1" ignored="0" total="1" passed="0">
  <reporter-output>
  </reporter-output>
  <suite name="Cucumber Suite" duration-ms="367429" started-at="2020-10-05T21:03:12 IST" finished-at="2020-10-05T21:09:20 IST">
    <groups>
      <group name="cucumber">
        <method signature="AbstractTestNGCucumberTests.feature(cucumber.api.testng.CucumberFeatureWrapper)[pri:0, instance:com.finder.stepdefinitions.RunCukesTest@184cf7cf]" name="feature" class="cucumber.api.testng.AbstractTestNGCucumberTests"/>
      </group> <!-- cucumber -->
    </groups>
    <test name="Cucumeber Test" duration-ms="367429" started-at="2020-10-05T21:03:12 IST" finished-at="2020-10-05T21:09:20 IST">
      <class name="com.finder.stepdefinitions.RunCukesTest">
        <test-method status="PASS" signature="setUpClass()[pri:0, instance:com.finder.stepdefinitions.RunCukesTest@184cf7cf]" name="setUpClass" is-config="true" duration-ms="595" started-at="2020-10-05T21:03:12 IST" finished-at="2020-10-05T21:03:13 IST">
          <reporter-output>
          </reporter-output>
        </test-method> <!-- setUpClass -->
        <test-method status="PASS" signature="onStart()[pri:0, instance:com.finder.stepdefinitions.RunCukesTest@184cf7cf]" name="onStart" is-config="true" duration-ms="70172" started-at="2020-10-05T21:03:13 IST" finished-at="2020-10-05T21:04:23 IST">
          <reporter-output>
          </reporter-output>
        </test-method> <!-- onStart -->
        <test-method status="FAIL" signature="feature(cucumber.api.testng.CucumberFeatureWrapper)[pri:0, instance:com.finder.stepdefinitions.RunCukesTest@184cf7cf]" name="feature" duration-ms="291257" started-at="2020-10-05T21:04:24 IST" description="Runs Cucumber Feature" data-provider="features" finished-at="2020-10-05T21:09:16 IST">
          <params>
            <param index="0">
              <value>
                <![CDATA[Test the functionaliy of the finder app in 500apps portal]]>
              </value>
            </param>
          </params>
          <exception class="cucumber.runtime.CucumberException">
            <message>
              <![CDATA[java.lang.AssertionError: Expected condition failed: waiting for visibility of element located by By.xpath: //h3[contains(text(),'Email Verify')]/following::main (tried for 10 second(s) with 500 MILLISECONDS interval)]]>
            </message>
            <full-stacktrace>
              <![CDATA[cucumber.runtime.CucumberException: java.lang.AssertionError: Expected condition failed: waiting for visibility of element located by By.xpath: //h3[contains(text(),'Email Verify')]/following::main (tried for 10 second(s) with 500 MILLISECONDS interval)
at cucumber.api.testng.TestNGCucumberRunner.runCucumber(TestNGCucumberRunner.java:69)
at cucumber.api.testng.AbstractTestNGCucumberTests.feature(AbstractTestNGCucumberTests.java:21)
at sun.reflect.NativeMethodAccessorImpl.invoke0(Native Method)
at sun.reflect.NativeMethodAccessorImpl.invoke(NativeMethodAccessorImpl.java:62)
at sun.reflect.DelegatingMethodAccessorImpl.invoke(DelegatingMethodAccessorImpl.java:43)
at java.lang.reflect.Method.invoke(Method.java:498)
at org.testng.internal.MethodInvocationHelper.invokeMethod(MethodInvocationHelper.java:134)
at org.testng.internal.TestInvoker.invokeMethod(TestInvoker.java:597)
at org.testng.internal.TestInvoker.invokeTestMethod(TestInvoker.java:173)
at org.testng.internal.MethodRunner.runInSequence(MethodRunner.java:46)
at org.testng.internal.TestInvoker$MethodInvocationAgent.invoke(TestInvoker.java:816)
at org.testng.internal.TestInvoker.invokeTestMethods(TestInvoker.java:146)
at org.testng.internal.TestMethodWorker.invokeTestMethods(TestMethodWorker.java:146)
at org.testng.internal.TestMethodWorker.run(TestMethodWorker.java:128)
at java.util.ArrayList.forEach(ArrayList.java:1257)
at org.testng.TestRunner.privateRun(TestRunner.java:766)
at org.testng.TestRunner.run(TestRunner.java:587)
at org.testng.SuiteRunner.runTest(SuiteRunner.java:384)
at org.testng.SuiteRunner.runSequentially(SuiteRunner.java:378)
at org.testng.SuiteRunner.privateRun(SuiteRunner.java:337)
at org.testng.SuiteRunner.run(SuiteRunner.java:286)
at org.testng.SuiteRunnerWorker.runSuite(SuiteRunnerWorker.java:53)
at org.testng.SuiteRunnerWorker.run(SuiteRunnerWorker.java:96)
at org.testng.TestNG.runSuitesSequentially(TestNG.java:1187)
at org.testng.TestNG.runSuitesLocally(TestNG.java:1109)
at org.testng.TestNG.runSuites(TestNG.java:1039)
at org.testng.TestNG.run(TestNG.java:1007)
at org.testng.remote.AbstractRemoteTestNG.run(AbstractRemoteTestNG.java:115)
at org.testng.remote.RemoteTestNG.initAndRun(RemoteTestNG.java:251)
at org.testng.remote.RemoteTestNG.main(RemoteTestNG.java:77)
Caused by: java.lang.AssertionError: Expected condition failed: waiting for visibility of element located by By.xpath: //h3[contains(text(),'Email Verify')]/following::main (tried for 10 second(s) with 500 MILLISECONDS interval)
at org.testng.Assert.fail(Assert.java:97)
at com.finder.stepdefinitions.FinderAppSteps.click_on_import_from_csv_for_bulk_emailverify(FinderAppSteps.java:265)
at âœ½.Then click on import from csv for bulk emailverify(features/FinderApp.feature:46)
]]>
            </full-stacktrace>
          </exception> <!-- cucumber.runtime.CucumberException -->
          <reporter-output>
          </reporter-output>
        </test-method> <!-- feature -->
        <test-method status="PASS" signature="onFinish()[pri:0, instance:com.finder.stepdefinitions.RunCukesTest@184cf7cf]" name="onFinish" is-config="true" duration-ms="3769" started-at="2020-10-05T21:09:16 IST" finished-at="2020-10-05T21:09:19 IST">
          <reporter-output>
          </reporter-output>
        </test-method> <!-- onFinish -->
        <test-method status="PASS" signature="tearDownClass()[pri:0, instance:com.finder.stepdefinitions.RunCukesTest@184cf7cf]" name="tearDownClass" is-config="true" duration-ms="124" started-at="2020-10-05T21:09:19 IST" finished-at="2020-10-05T21:09:20 IST">
          <reporter-output>
          </reporter-output>
        </test-method> <!-- tearDownClass -->
      </class> <!-- com.finder.stepdefinitions.RunCukesTest -->
    </test> <!-- Cucumeber Test -->
  </suite> <!-- Cucumber Suite -->
</testng-results>
